0 verbose cli /usr/local/bin/node /usr/local/bin/npm
1 info using npm@11.4.1
2 info using node@v22.14.0
3 silly config load:file:/usr/local/lib/node_modules/npm/npmrc
4 silly config load:file:/Users/chenpu/workspace/简易留言板/.npmrc
5 silly config load:file:/Users/chenpu/.npmrc
6 silly config load:file:/usr/local/etc/npmrc
7 verbose title npm install sqlite3
8 verbose argv "install" "sqlite3"
9 verbose logfile logs-max:10 dir:/Users/chenpu/workspace/简易留言板/.npm-cache/_logs/2025-09-18T07_01_56_202Z-
10 verbose logfile /Users/chenpu/workspace/简易留言板/.npm-cache/_logs/2025-09-18T07_01_56_202Z-debug-0.log
11 silly logfile done cleaning log files
12 silly packumentCache heap:4345298944 maxSize:1086324736 maxEntrySize:543162368
13 http fetch GET https://registry.npmjs.org/npm attempt 1 failed with ENOTFOUND
14 silly idealTree buildDeps
15 silly fetch manifest sqlite3@*
16 silly packumentCache full:https://registry.npmjs.org/sqlite3 cache-miss
17 http fetch GET https://registry.npmjs.org/sqlite3 attempt 1 failed with ENOTFOUND
18 http fetch GET https://registry.npmjs.org/npm attempt 2 failed with ENOTFOUND
19 http fetch GET https://registry.npmjs.org/sqlite3 attempt 2 failed with ENOTFOUND
20 http fetch GET https://registry.npmjs.org/npm attempt 3 failed with ENOTFOUND
21 http fetch GET https://registry.npmjs.org/sqlite3 attempt 3 failed with ENOTFOUND
22 silly placeDep ROOT sqlite3@ OK for: simple-message-board@1.0.0 want: *
23 verbose type system
24 verbose stack FetchError: request to https://registry.npmjs.org/sqlite3 failed, reason: getaddrinfo ENOTFOUND registry.npmjs.org
24 verbose stack     at ClientRequest.<anonymous> (/usr/local/lib/node_modules/npm/node_modules/minipass-fetch/lib/index.js:130:14)
24 verbose stack     at ClientRequest.emit (node:events:518:28)
24 verbose stack     at emitErrorEvent (node:_http_client:104:11)
24 verbose stack     at _destroy (node:_http_client:898:9)
24 verbose stack     at onSocketNT (node:_http_client:918:5)
24 verbose stack     at process.processTicksAndRejections (node:internal/process/task_queues:91:21)
25 error code ENOTFOUND
26 error syscall getaddrinfo
27 error errno ENOTFOUND
28 error network request to https://registry.npmjs.org/sqlite3 failed, reason: getaddrinfo ENOTFOUND registry.npmjs.org
29 error network This is a problem related to network connectivity.
29 error network In most cases you are behind a proxy or have bad network settings.
29 error network
29 error network If you are behind a proxy, please make sure that the
29 error network 'proxy' config is set properly.  See: 'npm help config'
30 silly unfinished npm timer reify 1758178916443
31 silly unfinished npm timer reify:loadTrees 1758178916444
32 verbose cwd /Users/chenpu/workspace/简易留言板
33 verbose os Darwin 24.6.0
34 verbose node v22.14.0
35 verbose npm  v11.4.1
36 verbose exit 1
37 verbose code 1
38 error A complete log of this run can be found in: /Users/chenpu/workspace/简易留言板/.npm-cache/_logs/2025-09-18T07_01_56_202Z-debug-0.log
